[3]-[2026-05-31 12:56:58.269Z console.rs:3147] Starting TUI...
[5]-[2026-05-31 12:56:58.299Z poll.rs:576] registering event source with poller: token=Token(0), interests=READABLE
[5]-[2026-05-31 12:56:58.299Z poll.rs:576] registering event source with poller: token=Token(1), interests=READABLE
[4]-[2026-05-31 12:57:04.409Z move_parse.rs:567] Starting parse_move_string with expression: mnW|im<nW-pnW>|tcnF
[4]-[2026-05-31 12:57:04.410Z move_parse.rs:573] Normalized expression: mnW|im<nW-pnW>|tcnF
[4]-[2026-05-31 12:57:04.410Z move_parse.rs:350] Starting atomization of expression: mnW
[4]-[2026-05-31 12:57:04.410Z move_parse.rs:350] Starting atomization of expression: im<nW-pnW>
[4]-[2026-05-31 12:57:04.410Z move_parse.rs:350] Starting atomization of expression: tcnF
[4]-[2026-05-31 12:57:04.410Z move_parse.rs:378] Starting direction expansion of expression: mn<[1357]K>
[4]-[2026-05-31 12:57:04.411Z move_parse.rs:378] Starting direction expansion of expression: im<n<[1357]K>-pn<[1357]K>>
[4]-[2026-05-31 12:57:04.411Z move_parse.rs:378] Starting direction expansion of expression: tcn<[2468]K>
[4]-[2026-05-31 12:57:04.411Z move_parse.rs:442] Starting range expansion of expression: mn<[1357]K>
[4]-[2026-05-31 12:57:04.411Z move_parse.rs:442] Starting range expansion of expression: im<n<[1357]K>-pn<[1357]K>>
[4]-[2026-05-31 12:57:04.411Z move_parse.rs:442] Starting range expansion of expression: tcn<[2468]K>
[4]-[2026-05-31 12:57:04.411Z move_parse.rs:499] Starting cardinal expansion of expression: mn<[1357]K>
[4]-[2026-05-31 12:57:04.411Z move_parse.rs:499] Starting cardinal expansion of expression: im<n<[1357]K>-pn<[1357]K>>
[4]-[2026-05-31 12:57:04.411Z move_parse.rs:499] Starting cardinal expansion of expression: tcn<[2468]K>
[4]-[2026-05-31 12:57:04.411Z move_parse.rs:2800] generate_move_vectors parsed expression for mnW|im<nW-pnW>|tcnF: "mn<[1357]K>|im<n<[1357]K>-pn<[1357]K>>|tcn<[2468]K>"
[5]-[2026-05-31 12:57:04.411Z move_parse.rs:2704] multi_leg_to_vector leg mn<[1357]K> with rotation n
[5]-[2026-05-31 12:57:04.411Z move_parse.rs:2663] leg_to_vector leg mn<[1357]K> with rotation n
[5]-[2026-05-31 12:57:04.411Z move_parse.rs:2670] leg_to_vector captures: Captures({0: 0..11/"mn<[1357]K>", 1: 0..1/"m", 2: 1..11/"n<[1357]K>", 3: None})
[4]-[2026-05-31 12:57:04.411Z move_parse.rs:1762] compound_atomic_to_vector expr n<[1357]K> with rotation n
[4]-[2026-05-31 12:57:04.412Z move_parse.rs:1771] compound_atomic_to_vector tokens: ["n", "<", "[1357]K", ">"]
[4]-[2026-05-31 12:57:04.414Z move_parse.rs:1062] evaluate_atomic_expression with expression: [n, [[1357]K]] with rotation: n 
[4]-[2026-05-31 12:57:04.414Z move_parse.rs:1062] evaluate_atomic_expression with expression: [[1357]K] with rotation: n 
[4]-[2026-05-31 12:57:04.414Z move_parse.rs:1587] chained_atomic_to_vector expr [1357]K with rotation n
[4]-[2026-05-31 12:57:04.418Z move_parse.rs:1309] atomic_to_vector expr [1357]K with rotation n
[4]-[2026-05-31 12:57:04.418Z move_parse.rs:952] process_modifiers with modifiers: (None, None), rotation: n
[4]-[2026-05-31 12:57:04.418Z move_parse.rs:1153] evaluate_atomic_expression [[1357]K] final len: 4
[4]-[2026-05-31 12:57:04.418Z move_parse.rs:952] process_modifiers with modifiers: (Some(n), None), rotation: n
[4]-[2026-05-31 12:57:04.418Z move_parse.rs:705] filter_atomic_by_cardinal_direction direction: n w.r.t n
[4]-[2026-05-31 12:57:04.418Z move_parse.rs:1153] evaluate_atomic_expression [n, [[1357]K]] final len: 1
[5]-[2026-05-31 12:57:04.418Z move_parse.rs:2704] multi_leg_to_vector leg im<n<[1357]K>-pn<[1357]K>> with rotation n
[5]-[2026-05-31 12:57:04.419Z move_parse.rs:2574] tokenize_multi_leg_expression raw tokens: ["im", "<", "n", "<", "[1357]K", ">", "-", "p", "n", "<", "[1357]K", ">", ">"]
[5]-[2026-05-31 12:57:04.419Z move_parse.rs:2614] tokenize_multi_leg_expression first pass ["im", "<", "n", "<[1357]K>", "-", "p", "n", "<[1357]K>", ">"]
[5]-[2026-05-31 12:57:04.419Z move_parse.rs:2716] multi_leg_to_vector final tokens: ["im", "<", "n<[1357]K>", "-", "p", "n<[1357]K>", ">"]
[5]-[2026-05-31 12:57:04.419Z move_parse.rs:2775] multi_leg_to_vector parsed stack: [im, [n<[1357]K>, p, n<[1357]K>]]
[4]-[2026-05-31 12:57:04.419Z move_parse.rs:2406] evaluate_multi_leg_expression with expression: [im, [n<[1357]K>, p, n<[1357]K>]] with rotation: n 
[5]-[2026-05-31 12:57:04.419Z move_parse.rs:2304] evaluate_multi_leg_subexpr with expr: [n<[1357]K>, p, n<[1357]K>] modifiers: [None, None, Some(im)], rotation: n
[4]-[2026-05-31 12:57:04.419Z move_parse.rs:2406] evaluate_multi_leg_expression with expression: [n<[1357]K>, p, n<[1357]K>] with rotation: n 
[5]-[2026-05-31 12:57:04.419Z move_parse.rs:2224] evaluate_multi_leg_term_leg with term: n<[1357]K> modifiers: [None, None, None]
[5]-[2026-05-31 12:57:04.419Z move_parse.rs:2663] leg_to_vector leg n<[1357]K> with rotation n
[5]-[2026-05-31 12:57:04.419Z move_parse.rs:2670] leg_to_vector captures: Captures({0: 0..10/"n<[1357]K>", 1: None, 2: 0..10/"n<[1357]K>", 3: None})
[4]-[2026-05-31 12:57:04.419Z move_parse.rs:1762] compound_atomic_to_vector expr n<[1357]K> with rotation n
[4]-[2026-05-31 12:57:04.419Z move_parse.rs:1771] compound_atomic_to_vector tokens: ["n", "<", "[1357]K", ">"]
[4]-[2026-05-31 12:57:04.419Z move_parse.rs:1062] evaluate_atomic_expression with expression: [n, [[1357]K]] with rotation: n 
[4]-[2026-05-31 12:57:04.419Z move_parse.rs:1062] evaluate_atomic_expression with expression: [[1357]K] with rotation: n 
[4]-[2026-05-31 12:57:04.419Z move_parse.rs:1587] chained_atomic_to_vector expr [1357]K with rotation n
[4]-[2026-05-31 12:57:04.419Z move_parse.rs:1309] atomic_to_vector expr [1357]K with rotation n
[4]-[2026-05-31 12:57:04.419Z move_parse.rs:952] process_modifiers with modifiers: (None, None), rotation: n
[4]-[2026-05-31 12:57:04.419Z move_parse.rs:1153] evaluate_atomic_expression [[1357]K] final len: 4
[4]-[2026-05-31 12:57:04.419Z move_parse.rs:952] process_modifiers with modifiers: (Some(n), None), rotation: n
[4]-[2026-05-31 12:57:04.419Z move_parse.rs:705] filter_atomic_by_cardinal_direction direction: n w.r.t n
[4]-[2026-05-31 12:57:04.419Z move_parse.rs:1153] evaluate_atomic_expression [n, [[1357]K]] final len: 1
[4]-[2026-05-31 12:57:04.420Z move_parse.rs:2185] process_multi_leg_modifiers with modifiers: [None, None, None] 
[5]-[2026-05-31 12:57:04.420Z move_parse.rs:2224] evaluate_multi_leg_term_leg with term: n<[1357]K> modifiers: [None, None, Some(p)]
[5]-[2026-05-31 12:57:04.420Z move_parse.rs:2663] leg_to_vector leg n<[1357]K> with rotation n
[5]-[2026-05-31 12:57:04.420Z move_parse.rs:2670] leg_to_vector captures: Captures({0: 0..10/"n<[1357]K>", 1: None, 2: 0..10/"n<[1357]K>", 3: None})
[4]-[2026-05-31 12:57:04.420Z move_parse.rs:1762] compound_atomic_to_vector expr n<[1357]K> with rotation n
[4]-[2026-05-31 12:57:04.420Z move_parse.rs:1771] compound_atomic_to_vector tokens: ["n", "<", "[1357]K", ">"]
[4]-[2026-05-31 12:57:04.420Z move_parse.rs:1062] evaluate_atomic_expression with expression: [n, [[1357]K]] with rotation: n 
[4]-[2026-05-31 12:57:04.420Z move_parse.rs:1062] evaluate_atomic_expression with expression: [[1357]K] with rotation: n 
[4]-[2026-05-31 12:57:04.420Z move_parse.rs:1587] chained_atomic_to_vector expr [1357]K with rotation n
[4]-[2026-05-31 12:57:04.420Z move_parse.rs:1309] atomic_to_vector expr [1357]K with rotation n
[4]-[2026-05-31 12:57:04.420Z move_parse.rs:952] process_modifiers with modifiers: (None, None), rotation: n
[4]-[2026-05-31 12:57:04.420Z move_parse.rs:1153] evaluate_atomic_expression [[1357]K] final len: 4
[4]-[2026-05-31 12:57:04.420Z move_parse.rs:952] process_modifiers with modifiers: (Some(n), None), rotation: n
[4]-[2026-05-31 12:57:04.420Z move_parse.rs:705] filter_atomic_by_cardinal_direction direction: n w.r.t n
[4]-[2026-05-31 12:57:04.420Z move_parse.rs:1153] evaluate_atomic_expression [n, [[1357]K]] final len: 1
[4]-[2026-05-31 12:57:04.420Z move_parse.rs:2185] process_multi_leg_modifiers with modifiers: [None, None, Some(p)] 
[5]-[2026-05-31 12:57:04.420Z move_parse.rs:2536] evaluate_multi_leg_expression [n<[1357]K>, p, n<[1357]K>] final len: 1 
[4]-[2026-05-31 12:57:04.420Z move_parse.rs:2185] process_multi_leg_modifiers with modifiers: [None, None, Some(im)] 
[5]-[2026-05-31 12:57:04.420Z move_parse.rs:2536] evaluate_multi_leg_expression [im, [n<[1357]K>, p, n<[1357]K>]] final len: 1 
[5]-[2026-05-31 12:57:04.420Z move_parse.rs:2704] multi_leg_to_vector leg tcn<[2468]K> with rotation n
[5]-[2026-05-31 12:57:04.420Z move_parse.rs:2663] leg_to_vector leg tcn<[2468]K> with rotation n
[5]-[2026-05-31 12:57:04.420Z move_parse.rs:2670] leg_to_vector captures: Captures({0: 0..12/"tcn<[2468]K>", 1: 0..2/"tc", 2: 2..12/"n<[2468]K>", 3: None})
[4]-[2026-05-31 12:57:04.420Z move_parse.rs:1762] compound_atomic_to_vector expr n<[2468]K> with rotation n
[4]-[2026-05-31 12:57:04.420Z move_parse.rs:1771] compound_atomic_to_vector tokens: ["n", "<", "[2468]K", ">"]
[4]-[2026-05-31 12:57:04.420Z move_parse.rs:1062] evaluate_atomic_expression with expression: [n, [[2468]K]] with rotation: n 
[4]-[2026-05-31 12:57:04.420Z move_parse.rs:1062] evaluate_atomic_expression with expression: [[2468]K] with rotation: n 
[4]-[2026-05-31 12:57:04.420Z move_parse.rs:1587] chained_atomic_to_vector expr [2468]K with rotation n
[4]-[2026-05-31 12:57:04.420Z move_parse.rs:1309] atomic_to_vector expr [2468]K with rotation n
[4]-[2026-05-31 12:57:04.420Z move_parse.rs:952] process_modifiers with modifiers: (None, None), rotation: n
[4]-[2026-05-31 12:57:04.420Z move_parse.rs:1153] evaluate_atomic_expression [[2468]K] final len: 4
[4]-[2026-05-31 12:57:04.420Z move_parse.rs:952] process_modifiers with modifiers: (Some(n), None), rotation: n
[4]-[2026-05-31 12:57:04.420Z move_parse.rs:705] filter_atomic_by_cardinal_direction direction: n w.r.t n
[4]-[2026-05-31 12:57:04.420Z move_parse.rs:1153] evaluate_atomic_expression [n, [[2468]K]] final len: 2
[4]-[2026-05-31 12:57:04.420Z move_parse.rs:567] Starting parse_move_string with expression: R
[4]-[2026-05-31 12:57:04.420Z move_parse.rs:573] Normalized expression: R
[4]-[2026-05-31 12:57:04.420Z move_parse.rs:350] Starting atomization of expression: R
[4]-[2026-05-31 12:57:04.420Z move_parse.rs:378] Starting direction expansion of expression: <[1357]K-*>
[4]-[2026-05-31 12:57:04.420Z move_parse.rs:442] Starting range expansion of expression: <[1357]K-*>
[4]-[2026-05-31 12:57:04.421Z move_parse.rs:499] Starting cardinal expansion of expression: <[1357]K-{1..*}>
[4]-[2026-05-31 12:57:04.421Z move_parse.rs:2800] generate_move_vectors parsed expression for R: "<[1357]K-{1..*}>"
[5]-[2026-05-31 12:57:04.421Z move_parse.rs:2704] multi_leg_to_vector leg <[1357]K-{1..*}> with rotation n
[5]-[2026-05-31 12:57:04.421Z move_parse.rs:2574] tokenize_multi_leg_expression raw tokens: ["<", "[1357]K", "-{1..*}", ">"]
[5]-[2026-05-31 12:57:04.421Z move_parse.rs:2614] tokenize_multi_leg_expression first pass ["<", "[1357]K", "-{1..*}", ">"]
[5]-[2026-05-31 12:57:04.421Z move_parse.rs:2716] multi_leg_to_vector final tokens: ["<", "[1357]K", "-{1..*}", ">"]
[5]-[2026-05-31 12:57:04.421Z move_parse.rs:2775] multi_leg_to_vector parsed stack: [[[1357]K, -{1..*}]]
[4]-[2026-05-31 12:57:04.421Z move_parse.rs:2406] evaluate_multi_leg_expression with expression: [[[1357]K, -{1..*}]] with rotation: n 
[5]-[2026-05-31 12:57:04.421Z move_parse.rs:2304] evaluate_multi_leg_subexpr with expr: [[1357]K, -{1..*}] modifiers: [None, None, None], rotation: n
[4]-[2026-05-31 12:57:04.421Z move_parse.rs:2406] evaluate_multi_leg_expression with expression: [[1357]K, -{1..*}] with rotation: n 
[5]-[2026-05-31 12:57:04.421Z move_parse.rs:2224] evaluate_multi_leg_term_leg with term: [1357]K modifiers: [None, None, None]
[5]-[2026-05-31 12:57:04.421Z move_parse.rs:2663] leg_to_vector leg [1357]K with rotation n
[5]-[2026-05-31 12:57:04.421Z move_parse.rs:2670] leg_to_vector captures: Captures({0: 0..7/"[1357]K", 1: None, 2: 0..7/"[1357]K", 3: None})
[4]-[2026-05-31 12:57:04.421Z move_parse.rs:1762] compound_atomic_to_vector expr [1357]K with rotation n
[4]-[2026-05-31 12:57:04.421Z move_parse.rs:1771] compound_atomic_to_vector tokens: ["[1357]K"]
[4]-[2026-05-31 12:57:04.421Z move_parse.rs:1062] evaluate_atomic_expression with expression: [[1357]K] with rotation: n 
[4]-[2026-05-31 12:57:04.421Z move_parse.rs:1587] chained_atomic_to_vector expr [1357]K with rotation n
[4]-[2026-05-31 12:57:04.421Z move_parse.rs:1309] atomic_to_vector expr [1357]K with rotation n
[4]-[2026-05-31 12:57:04.421Z move_parse.rs:952] process_modifiers with modifiers: (None, None), rotation: n
[4]-[2026-05-31 12:57:04.421Z move_parse.rs:1153] evaluate_atomic_expression [[1357]K] final len: 4
[4]-[2026-05-31 12:57:04.421Z move_parse.rs:2185] process_multi_leg_modifiers with modifiers: [None, None, None] 
[4]-[2026-05-31 12:57:04.421Z move_parse.rs:1956] range token captures: Captures({0: 0..7/"-{1..*}", 1: 2..3/"1", 2: 5..6/"*"})
[5]-[2026-05-31 12:57:04.423Z move_parse.rs:2536] evaluate_multi_leg_expression [[1357]K, -{1..*}] final len: 32 
[4]-[2026-05-31 12:57:04.423Z move_parse.rs:2185] process_multi_leg_modifiers with modifiers: [None, None, None] 
[5]-[2026-05-31 12:57:04.423Z move_parse.rs:2536] evaluate_multi_leg_expression [[[1357]K, -{1..*}]] final len: 32 
[4]-[2026-05-31 12:57:04.423Z move_parse.rs:567] Starting parse_move_string with expression: N
[4]-[2026-05-31 12:57:04.423Z move_parse.rs:573] Normalized expression: N
[4]-[2026-05-31 12:57:04.423Z move_parse.rs:350] Starting atomization of expression: N
[4]-[2026-05-31 12:57:04.423Z move_parse.rs:378] Starting direction expansion of expression: <[2468]Kn[2468]K>
[4]-[2026-05-31 12:57:04.423Z move_parse.rs:442] Starting range expansion of expression: <[2468]Kn[2468]K>
[4]-[2026-05-31 12:57:04.423Z move_parse.rs:499] Starting cardinal expansion of expression: <[2468]Kn[2468]K>
[4]-[2026-05-31 12:57:04.423Z move_parse.rs:2800] generate_move_vectors parsed expression for N: "<[2468]Kn[2468]K>"
[5]-[2026-05-31 12:57:04.423Z move_parse.rs:2704] multi_leg_to_vector leg <[2468]Kn[2468]K> with rotation n
[5]-[2026-05-31 12:57:04.423Z move_parse.rs:2663] leg_to_vector leg <[2468]Kn[2468]K> with rotation n
[5]-[2026-05-31 12:57:04.423Z move_parse.rs:2670] leg_to_vector captures: Captures({0: 0..17/"<[2468]Kn[2468]K>", 1: None, 2: 0..17/"<[2468]Kn[2468]K>", 3: None})
[4]-[2026-05-31 12:57:04.424Z move_parse.rs:1762] compound_atomic_to_vector expr <[2468]Kn[2468]K> with rotation n
[4]-[2026-05-31 12:57:04.424Z move_parse.rs:1771] compound_atomic_to_vector tokens: ["<", "[2468]Kn[2468]K", ">"]
[4]-[2026-05-31 12:57:04.424Z move_parse.rs:1062] evaluate_atomic_expression with expression: [[[2468]Kn[2468]K]] with rotation: n 
[4]-[2026-05-31 12:57:04.424Z move_parse.rs:1062] evaluate_atomic_expression with expression: [[2468]Kn[2468]K] with rotation: n 
[4]-[2026-05-31 12:57:04.424Z move_parse.rs:1587] chained_atomic_to_vector expr [2468]Kn[2468]K with rotation n
[4]-[2026-05-31 12:57:04.424Z move_parse.rs:1309] atomic_to_vector expr [2468]K with rotation n
[4]-[2026-05-31 12:57:04.424Z move_parse.rs:1309] atomic_to_vector expr n[2468]K with rotation ne
[4]-[2026-05-31 12:57:04.424Z move_parse.rs:1309] atomic_to_vector expr n[2468]K with rotation nw
[4]-[2026-05-31 12:57:04.424Z move_parse.rs:1309] atomic_to_vector expr n[2468]K with rotation se
[4]-[2026-05-31 12:57:04.424Z move_parse.rs:1309] atomic_to_vector expr n[2468]K with rotation sw
[4]-[2026-05-31 12:57:04.424Z move_parse.rs:952] process_modifiers with modifiers: (None, None), rotation: n
[4]-[2026-05-31 12:57:04.424Z move_parse.rs:1153] evaluate_atomic_expression [[2468]Kn[2468]K] final len: 8
[4]-[2026-05-31 12:57:04.424Z move_parse.rs:952] process_modifiers with modifiers: (None, None), rotation: n
[4]-[2026-05-31 12:57:04.424Z move_parse.rs:1153] evaluate_atomic_expression [[[2468]Kn[2468]K]] final len: 8
[4]-[2026-05-31 12:57:04.424Z move_parse.rs:567] Starting parse_move_string with expression: B
[4]-[2026-05-31 12:57:04.424Z move_parse.rs:573] Normalized expression: B
[4]-[2026-05-31 12:57:04.424Z move_parse.rs:350] Starting atomization of expression: B
[4]-[2026-05-31 12:57:04.424Z move_parse.rs:378] Starting direction expansion of expression: <[2468]K-*>
[4]-[2026-05-31 12:57:04.424Z move_parse.rs:442] Starting range expansion of expression: <[2468]K-*>
[4]-[2026-05-31 12:57:04.424Z move_parse.rs:499] Starting cardinal expansion of expression: <[2468]K-{1..*}>
[4]-[2026-05-31 12:57:04.424Z move_parse.rs:2800] generate_move_vectors parsed expression for B: "<[2468]K-{1..*}>"
[5]-[2026-05-31 12:57:04.424Z move_parse.rs:2704] multi_leg_to_vector leg <[2468]K-{1..*}> with rotation n
[5]-[2026-05-31 12:57:04.424Z move_parse.rs:2574] tokenize_multi_leg_expression raw tokens: ["<", "[2468]K", "-{1..*}", ">"]
[5]-[2026-05-31 12:57:04.424Z move_parse.rs:2614] tokenize_multi_leg_expression first pass ["<", "[2468]K", "-{1..*}", ">"]
[5]-[2026-05-31 12:57:04.424Z move_parse.rs:2716] multi_leg_to_vector final tokens: ["<", "[2468]K", "-{1..*}", ">"]
[5]-[2026-05-31 12:57:04.424Z move_parse.rs:2775] multi_leg_to_vector parsed stack: [[[2468]K, -{1..*}]]
[4]-[2026-05-31 12:57:04.424Z move_parse.rs:2406] evaluate_multi_leg_expression with expression: [[[2468]K, -{1..*}]] with rotation: n 
[5]-[2026-05-31 12:57:04.424Z move_parse.rs:2304] evaluate_multi_leg_subexpr with expr: [[2468]K, -{1..*}] modifiers: [None, None, None], rotation: n
[4]-[2026-05-31 12:57:04.424Z move_parse.rs:2406] evaluate_multi_leg_expression with expression: [[2468]K, -{1..*}] with rotation: n 
[5]-[2026-05-31 12:57:04.424Z move_parse.rs:2224] evaluate_multi_leg_term_leg with term: [2468]K modifiers: [None, None, None]
[5]-[2026-05-31 12:57:04.424Z move_parse.rs:2663] leg_to_vector leg [2468]K with rotation n
[5]-[2026-05-31 12:57:04.424Z move_parse.rs:2670] leg_to_vector captures: Captures({0: 0..7/"[2468]K", 1: None, 2: 0..7/"[2468]K", 3: None})
[4]-[2026-05-31 12:57:04.424Z move_parse.rs:1762] compound_atomic_to_vector expr [2468]K with rotation n
[4]-[2026-05-31 12:57:04.424Z move_parse.rs:1771] compound_atomic_to_vector tokens: ["[2468]K"]
[4]-[2026-05-31 12:57:04.424Z move_parse.rs:1062] evaluate_atomic_expression with expression: [[2468]K] with rotation: n 
[4]-[2026-05-31 12:57:04.424Z move_parse.rs:1587] chained_atomic_to_vector expr [2468]K with rotation n
[4]-[2026-05-31 12:57:04.424Z move_parse.rs:1309] atomic_to_vector expr [2468]K with rotation n
[4]-[2026-05-31 12:57:04.424Z move_parse.rs:952] process_modifiers with modifiers: (None, None), rotation: n
[4]-[2026-05-31 12:57:04.424Z move_parse.rs:1153] evaluate_atomic_expression [[2468]K] final len: 4
[4]-[2026-05-31 12:57:04.424Z move_parse.rs:2185] process_multi_leg_modifiers with modifiers: [None, None, None] 
[4]-[2026-05-31 12:57:04.424Z move_parse.rs:1956] range token captures: Captures({0: 0..7/"-{1..*}", 1: 2..3/"1", 2: 5..6/"*"})
[5]-[2026-05-31 12:57:04.426Z move_parse.rs:2536] evaluate_multi_leg_expression [[2468]K, -{1..*}] final len: 32 
[4]-[2026-05-31 12:57:04.426Z move_parse.rs:2185] process_multi_leg_modifiers with modifiers: [None, None, None] 
[5]-[2026-05-31 12:57:04.426Z move_parse.rs:2536] evaluate_multi_leg_expression [[[2468]K, -{1..*}]] final len: 32 
[4]-[2026-05-31 12:57:04.426Z move_parse.rs:567] Starting parse_move_string with expression: Q
[4]-[2026-05-31 12:57:04.426Z move_parse.rs:573] Normalized expression: Q
[4]-[2026-05-31 12:57:04.426Z move_parse.rs:350] Starting atomization of expression: Q
[4]-[2026-05-31 12:57:04.426Z move_parse.rs:378] Starting direction expansion of expression: <K-*>
[4]-[2026-05-31 12:57:04.426Z move_parse.rs:442] Starting range expansion of expression: <K-*>
[4]-[2026-05-31 12:57:04.426Z move_parse.rs:499] Starting cardinal expansion of expression: <K-{1..*}>
[4]-[2026-05-31 12:57:04.426Z move_parse.rs:2800] generate_move_vectors parsed expression for Q: "<K-{1..*}>"
[5]-[2026-05-31 12:57:04.426Z move_parse.rs:2704] multi_leg_to_vector leg <K-{1..*}> with rotation n
[5]-[2026-05-31 12:57:04.426Z move_parse.rs:2574] tokenize_multi_leg_expression raw tokens: ["<", "K", "-{1..*}", ">"]
[5]-[2026-05-31 12:57:04.426Z move_parse.rs:2614] tokenize_multi_leg_expression first pass ["<", "K", "-{1..*}", ">"]
[5]-[2026-05-31 12:57:04.426Z move_parse.rs:2716] multi_leg_to_vector final tokens: ["<", "K", "-{1..*}", ">"]
[5]-[2026-05-31 12:57:04.426Z move_parse.rs:2775] multi_leg_to_vector parsed stack: [[K, -{1..*}]]
[4]-[2026-05-31 12:57:04.426Z move_parse.rs:2406] evaluate_multi_leg_expression with expression: [[K, -{1..*}]] with rotation: n 
[5]-[2026-05-31 12:57:04.426Z move_parse.rs:2304] evaluate_multi_leg_subexpr with expr: [K, -{1..*}] modifiers: [None, None, None], rotation: n
[4]-[2026-05-31 12:57:04.426Z move_parse.rs:2406] evaluate_multi_leg_expression with expression: [K, -{1..*}] with rotation: n 
[5]-[2026-05-31 12:57:04.426Z move_parse.rs:2224] evaluate_multi_leg_term_leg with term: K modifiers: [None, None, None]
[5]-[2026-05-31 12:57:04.426Z move_parse.rs:2663] leg_to_vector leg K with rotation n
[5]-[2026-05-31 12:57:04.426Z move_parse.rs:2670] leg_to_vector captures: Captures({0: 0..1/"K", 1: None, 2: 0..1/"K", 3: None})
[4]-[2026-05-31 12:57:04.426Z move_parse.rs:1762] compound_atomic_to_vector expr K with rotation n
[4]-[2026-05-31 12:57:04.427Z move_parse.rs:1771] compound_atomic_to_vector tokens: ["K"]
[4]-[2026-05-31 12:57:04.427Z move_parse.rs:1062] evaluate_atomic_expression with expression: [K] with rotation: n 
[4]-[2026-05-31 12:57:04.427Z move_parse.rs:1587] chained_atomic_to_vector expr K with rotation n
[4]-[2026-05-31 12:57:04.427Z move_parse.rs:1309] atomic_to_vector expr K with rotation n
[4]-[2026-05-31 12:57:04.427Z move_parse.rs:952] process_modifiers with modifiers: (None, None), rotation: n
[4]-[2026-05-31 12:57:04.427Z move_parse.rs:1153] evaluate_atomic_expression [K] final len: 8
[4]-[2026-05-31 12:57:04.427Z move_parse.rs:2185] process_multi_leg_modifiers with modifiers: [None, None, None] 
[4]-[2026-05-31 12:57:04.427Z move_parse.rs:1956] range token captures: Captures({0: 0..7/"-{1..*}", 1: 2..3/"1", 2: 5..6/"*"})
[5]-[2026-05-31 12:57:04.430Z move_parse.rs:2536] evaluate_multi_leg_expression [K, -{1..*}] final len: 64 
[4]-[2026-05-31 12:57:04.430Z move_parse.rs:2185] process_multi_leg_modifiers with modifiers: [None, None, None] 
[5]-[2026-05-31 12:57:04.430Z move_parse.rs:2536] evaluate_multi_leg_expression [[K, -{1..*}]] final len: 64 
[4]-[2026-05-31 12:57:04.431Z move_parse.rs:567] Starting parse_move_string with expression: K
[4]-[2026-05-31 12:57:04.431Z move_parse.rs:573] Normalized expression: K
[4]-[2026-05-31 12:57:04.431Z move_parse.rs:350] Starting atomization of expression: K
[4]-[2026-05-31 12:57:04.431Z move_parse.rs:378] Starting direction expansion of expression: K
[4]-[2026-05-31 12:57:04.431Z move_parse.rs:442] Starting range expansion of expression: K
[4]-[2026-05-31 12:57:04.431Z move_parse.rs:499] Starting cardinal expansion of expression: K
[4]-[2026-05-31 12:57:04.431Z move_parse.rs:2800] generate_move_vectors parsed expression for K: "K"
[5]-[2026-05-31 12:57:04.431Z move_parse.rs:2704] multi_leg_to_vector leg K with rotation n
[5]-[2026-05-31 12:57:04.431Z move_parse.rs:2663] leg_to_vector leg K with rotation n
[5]-[2026-05-31 12:57:04.431Z move_parse.rs:2670] leg_to_vector captures: Captures({0: 0..1/"K", 1: None, 2: 0..1/"K", 3: None})
[4]-[2026-05-31 12:57:04.431Z move_parse.rs:1762] compound_atomic_to_vector expr K with rotation n
[4]-[2026-05-31 12:57:04.431Z move_parse.rs:1771] compound_atomic_to_vector tokens: ["K"]
[4]-[2026-05-31 12:57:04.431Z move_parse.rs:1062] evaluate_atomic_expression with expression: [K] with rotation: n 
[4]-[2026-05-31 12:57:04.431Z move_parse.rs:1587] chained_atomic_to_vector expr K with rotation n
[4]-[2026-05-31 12:57:04.431Z move_parse.rs:1309] atomic_to_vector expr K with rotation n
[4]-[2026-05-31 12:57:04.431Z move_parse.rs:952] process_modifiers with modifiers: (None, None), rotation: n
[4]-[2026-05-31 12:57:04.431Z move_parse.rs:1153] evaluate_atomic_expression [K] final len: 8
[4]-[2026-05-31 12:57:04.431Z move_parse.rs:567] Starting parse_move_string with expression: mnW|im<nW-pnW>|tcnF
[4]-[2026-05-31 12:57:04.431Z move_parse.rs:573] Normalized expression: mnW|im<nW-pnW>|tcnF
[4]-[2026-05-31 12:57:04.431Z move_parse.rs:350] Starting atomization of expression: mnW
[4]-[2026-05-31 12:57:04.431Z move_parse.rs:350] Starting atomization of expression: im<nW-pnW>
[4]-[2026-05-31 12:57:04.431Z move_parse.rs:350] Starting atomization of expression: tcnF
[4]-[2026-05-31 12:57:04.431Z move_parse.rs:378] Starting direction expansion of expression: mn<[1357]K>
[4]-[2026-05-31 12:57:04.431Z move_parse.rs:378] Starting direction expansion of expression: im<n<[1357]K>-pn<[1357]K>>
[4]-[2026-05-31 12:57:04.431Z move_parse.rs:378] Starting direction expansion of expression: tcn<[2468]K>
[4]-[2026-05-31 12:57:04.431Z move_parse.rs:442] Starting range expansion of expression: mn<[1357]K>
[4]-[2026-05-31 12:57:04.431Z move_parse.rs:442] Starting range expansion of expression: im<n<[1357]K>-pn<[1357]K>>
[4]-[2026-05-31 12:57:04.431Z move_parse.rs:442] Starting range expansion of expression: tcn<[2468]K>
[4]-[2026-05-31 12:57:04.431Z move_parse.rs:499] Starting cardinal expansion of expression: mn<[1357]K>
[4]-[2026-05-31 12:57:04.431Z move_parse.rs:499] Starting cardinal expansion of expression: im<n<[1357]K>-pn<[1357]K>>
[4]-[2026-05-31 12:57:04.431Z move_parse.rs:499] Starting cardinal expansion of expression: tcn<[2468]K>
[4]-[2026-05-31 12:57:04.431Z move_parse.rs:2800] generate_move_vectors parsed expression for mnW|im<nW-pnW>|tcnF: "mn<[1357]K>|im<n<[1357]K>-pn<[1357]K>>|tcn<[2468]K>"
[5]-[2026-05-31 12:57:04.431Z move_parse.rs:2704] multi_leg_to_vector leg mn<[1357]K> with rotation n
[5]-[2026-05-31 12:57:04.431Z move_parse.rs:2663] leg_to_vector leg mn<[1357]K> with rotation n
[5]-[2026-05-31 12:57:04.431Z move_parse.rs:2670] leg_to_vector captures: Captures({0: 0..11/"mn<[1357]K>", 1: 0..1/"m", 2: 1..11/"n<[1357]K>", 3: None})
[4]-[2026-05-31 12:57:04.431Z move_parse.rs:1762] compound_atomic_to_vector expr n<[1357]K> with rotation n
[4]-[2026-05-31 12:57:04.431Z move_parse.rs:1771] compound_atomic_to_vector tokens: ["n", "<", "[1357]K", ">"]
[4]-[2026-05-31 12:57:04.431Z move_parse.rs:1062] evaluate_atomic_expression with expression: [n, [[1357]K]] with rotation: n 
[4]-[2026-05-31 12:57:04.431Z move_parse.rs:1062] evaluate_atomic_expression with expression: [[1357]K] with rotation: n 
[4]-[2026-05-31 12:57:04.431Z move_parse.rs:1587] chained_atomic_to_vector expr [1357]K with rotation n
[4]-[2026-05-31 12:57:04.431Z move_parse.rs:1309] atomic_to_vector expr [1357]K with rotation n
[4]-[2026-05-31 12:57:04.431Z move_parse.rs:952] process_modifiers with modifiers: (None, None), rotation: n
[4]-[2026-05-31 12:57:04.431Z move_parse.rs:1153] evaluate_atomic_expression [[1357]K] final len: 4
[4]-[2026-05-31 12:57:04.431Z move_parse.rs:952] process_modifiers with modifiers: (Some(n), None), rotation: n
[4]-[2026-05-31 12:57:04.431Z move_parse.rs:705] filter_atomic_by_cardinal_direction direction: n w.r.t n
[4]-[2026-05-31 12:57:04.431Z move_parse.rs:1153] evaluate_atomic_expression [n, [[1357]K]] final len: 1
[5]-[2026-05-31 12:57:04.431Z move_parse.rs:2704] multi_leg_to_vector leg im<n<[1357]K>-pn<[1357]K>> with rotation n
[5]-[2026-05-31 12:57:04.431Z move_parse.rs:2574] tokenize_multi_leg_expression raw tokens: ["im", "<", "n", "<", "[1357]K", ">", "-", "p", "n", "<", "[1357]K", ">", ">"]
[5]-[2026-05-31 12:57:04.431Z move_parse.rs:2614] tokenize_multi_leg_expression first pass ["im", "<", "n", "<[1357]K>", "-", "p", "n", "<[1357]K>", ">"]
[5]-[2026-05-31 12:57:04.431Z move_parse.rs:2716] multi_leg_to_vector final tokens: ["im", "<", "n<[1357]K>", "-", "p", "n<[1357]K>", ">"]
[5]-[2026-05-31 12:57:04.431Z move_parse.rs:2775] multi_leg_to_vector parsed stack: [im, [n<[1357]K>, p, n<[1357]K>]]
[4]-[2026-05-31 12:57:04.431Z move_parse.rs:2406] evaluate_multi_leg_expression with expression: [im, [n<[1357]K>, p, n<[1357]K>]] with rotation: n 
[5]-[2026-05-31 12:57:04.431Z move_parse.rs:2304] evaluate_multi_leg_subexpr with expr: [n<[1357]K>, p, n<[1357]K>] modifiers: [None, None, Some(im)], rotation: n
[4]-[2026-05-31 12:57:04.431Z move_parse.rs:2406] evaluate_multi_leg_expression with expression: [n<[1357]K>, p, n<[1357]K>] with rotation: n 
[5]-[2026-05-31 12:57:04.431Z move_parse.rs:2224] evaluate_multi_leg_term_leg with term: n<[1357]K> modifiers: [None, None, None]
[5]-[2026-05-31 12:57:04.431Z move_parse.rs:2663] leg_to_vector leg n<[1357]K> with rotation n
[5]-[2026-05-31 12:57:04.431Z move_parse.rs:2670] leg_to_vector captures: Captures({0: 0..10/"n<[1357]K>", 1: None, 2: 0..10/"n<[1357]K>", 3: None})
[4]-[2026-05-31 12:57:04.431Z move_parse.rs:1762] compound_atomic_to_vector expr n<[1357]K> with rotation n
[4]-[2026-05-31 12:57:04.431Z move_parse.rs:1771] compound_atomic_to_vector tokens: ["n", "<", "[1357]K", ">"]
[4]-[2026-05-31 12:57:04.431Z move_parse.rs:1062] evaluate_atomic_expression with expression: [n, [[1357]K]] with rotation: n 
[4]-[2026-05-31 12:57:04.431Z move_parse.rs:1062] evaluate_atomic_expression with expression: [[1357]K] with rotation: n 
[4]-[2026-05-31 12:57:04.431Z move_parse.rs:1587] chained_atomic_to_vector expr [1357]K with rotation n
[4]-[2026-05-31 12:57:04.432Z move_parse.rs:1309] atomic_to_vector expr [1357]K with rotation n
[4]-[2026-05-31 12:57:04.432Z move_parse.rs:952] process_modifiers with modifiers: (None, None), rotation: n
[4]-[2026-05-31 12:57:04.432Z move_parse.rs:1153] evaluate_atomic_expression [[1357]K] final len: 4
[4]-[2026-05-31 12:57:04.432Z move_parse.rs:952] process_modifiers with modifiers: (Some(n), None), rotation: n
[4]-[2026-05-31 12:57:04.432Z move_parse.rs:705] filter_atomic_by_cardinal_direction direction: n w.r.t n
[4]-[2026-05-31 12:57:04.432Z move_parse.rs:1153] evaluate_atomic_expression [n, [[1357]K]] final len: 1
[4]-[2026-05-31 12:57:04.432Z move_parse.rs:2185] process_multi_leg_modifiers with modifiers: [None, None, None] 
[5]-[2026-05-31 12:57:04.432Z move_parse.rs:2224] evaluate_multi_leg_term_leg with term: n<[1357]K> modifiers: [None, None, Some(p)]
[5]-[2026-05-31 12:57:04.432Z move_parse.rs:2663] leg_to_vector leg n<[1357]K> with rotation n
[5]-[2026-05-31 12:57:04.432Z move_parse.rs:2670] leg_to_vector captures: Captures({0: 0..10/"n<[1357]K>", 1: None, 2: 0..10/"n<[1357]K>", 3: None})
[4]-[2026-05-31 12:57:04.432Z move_parse.rs:1762] compound_atomic_to_vector expr n<[1357]K> with rotation n
[4]-[2026-05-31 12:57:04.432Z move_parse.rs:1771] compound_atomic_to_vector tokens: ["n", "<", "[1357]K", ">"]
[4]-[2026-05-31 12:57:04.432Z move_parse.rs:1062] evaluate_atomic_expression with expression: [n, [[1357]K]] with rotation: n 
[4]-[2026-05-31 12:57:04.432Z move_parse.rs:1062] evaluate_atomic_expression with expression: [[1357]K] with rotation: n 
[4]-[2026-05-31 12:57:04.432Z move_parse.rs:1587] chained_atomic_to_vector expr [1357]K with rotation n
[4]-[2026-05-31 12:57:04.432Z move_parse.rs:1309] atomic_to_vector expr [1357]K with rotation n
[4]-[2026-05-31 12:57:04.432Z move_parse.rs:952] process_modifiers with modifiers: (None, None), rotation: n
[4]-[2026-05-31 12:57:04.432Z move_parse.rs:1153] evaluate_atomic_expression [[1357]K] final len: 4
[4]-[2026-05-31 12:57:04.432Z move_parse.rs:952] process_modifiers with modifiers: (Some(n), None), rotation: n
[4]-[2026-05-31 12:57:04.432Z move_parse.rs:705] filter_atomic_by_cardinal_direction direction: n w.r.t n
[4]-[2026-05-31 12:57:04.432Z move_parse.rs:1153] evaluate_atomic_expression [n, [[1357]K]] final len: 1
[4]-[2026-05-31 12:57:04.432Z move_parse.rs:2185] process_multi_leg_modifiers with modifiers: [None, None, Some(p)] 
[5]-[2026-05-31 12:57:04.432Z move_parse.rs:2536] evaluate_multi_leg_expression [n<[1357]K>, p, n<[1357]K>] final len: 1 
[4]-[2026-05-31 12:57:04.432Z move_parse.rs:2185] process_multi_leg_modifiers with modifiers: [None, None, Some(im)] 
[5]-[2026-05-31 12:57:04.432Z move_parse.rs:2536] evaluate_multi_leg_expression [im, [n<[1357]K>, p, n<[1357]K>]] final len: 1 
[5]-[2026-05-31 12:57:04.432Z move_parse.rs:2704] multi_leg_to_vector leg tcn<[2468]K> with rotation n
[5]-[2026-05-31 12:57:04.432Z move_parse.rs:2663] leg_to_vector leg tcn<[2468]K> with rotation n
[5]-[2026-05-31 12:57:04.432Z move_parse.rs:2670] leg_to_vector captures: Captures({0: 0..12/"tcn<[2468]K>", 1: 0..2/"tc", 2: 2..12/"n<[2468]K>", 3: None})
[4]-[2026-05-31 12:57:04.432Z move_parse.rs:1762] compound_atomic_to_vector expr n<[2468]K> with rotation n
[4]-[2026-05-31 12:57:04.432Z move_parse.rs:1771] compound_atomic_to_vector tokens: ["n", "<", "[2468]K", ">"]
[4]-[2026-05-31 12:57:04.432Z move_parse.rs:1062] evaluate_atomic_expression with expression: [n, [[2468]K]] with rotation: n 
[4]-[2026-05-31 12:57:04.432Z move_parse.rs:1062] evaluate_atomic_expression with expression: [[2468]K] with rotation: n 
[4]-[2026-05-31 12:57:04.432Z move_parse.rs:1587] chained_atomic_to_vector expr [2468]K with rotation n
[4]-[2026-05-31 12:57:04.432Z move_parse.rs:1309] atomic_to_vector expr [2468]K with rotation n
[4]-[2026-05-31 12:57:04.432Z move_parse.rs:952] process_modifiers with modifiers: (None, None), rotation: n
[4]-[2026-05-31 12:57:04.432Z move_parse.rs:1153] evaluate_atomic_expression [[2468]K] final len: 4
[4]-[2026-05-31 12:57:04.432Z move_parse.rs:952] process_modifiers with modifiers: (Some(n), None), rotation: n
[4]-[2026-05-31 12:57:04.432Z move_parse.rs:705] filter_atomic_by_cardinal_direction direction: n w.r.t n
[4]-[2026-05-31 12:57:04.432Z move_parse.rs:1153] evaluate_atomic_expression [n, [[2468]K]] final len: 2
[4]-[2026-05-31 12:57:04.432Z move_parse.rs:567] Starting parse_move_string with expression: R
[4]-[2026-05-31 12:57:04.432Z move_parse.rs:573] Normalized expression: R
[4]-[2026-05-31 12:57:04.432Z move_parse.rs:350] Starting atomization of expression: R
[4]-[2026-05-31 12:57:04.432Z move_parse.rs:378] Starting direction expansion of expression: <[1357]K-*>
[4]-[2026-05-31 12:57:04.432Z move_parse.rs:442] Starting range expansion of expression: <[1357]K-*>
[4]-[2026-05-31 12:57:04.432Z move_parse.rs:499] Starting cardinal expansion of expression: <[1357]K-{1..*}>
[4]-[2026-05-31 12:57:04.432Z move_parse.rs:2800] generate_move_vectors parsed expression for R: "<[1357]K-{1..*}>"
[5]-[2026-05-31 12:57:04.432Z move_parse.rs:2704] multi_leg_to_vector leg <[1357]K-{1..*}> with rotation n
[5]-[2026-05-31 12:57:04.432Z move_parse.rs:2574] tokenize_multi_leg_expression raw tokens: ["<", "[1357]K", "-{1..*}", ">"]
[5]-[2026-05-31 12:57:04.432Z move_parse.rs:2614] tokenize_multi_leg_expression first pass ["<", "[1357]K", "-{1..*}", ">"]
[5]-[2026-05-31 12:57:04.432Z move_parse.rs:2716] multi_leg_to_vector final tokens: ["<", "[1357]K", "-{1..*}", ">"]
[5]-[2026-05-31 12:57:04.432Z move_parse.rs:2775] multi_leg_to_vector parsed stack: [[[1357]K, -{1..*}]]
[4]-[2026-05-31 12:57:04.432Z move_parse.rs:2406] evaluate_multi_leg_expression with expression: [[[1357]K, -{1..*}]] with rotation: n 
[5]-[2026-05-31 12:57:04.432Z move_parse.rs:2304] evaluate_multi_leg_subexpr with expr: [[1357]K, -{1..*}] modifiers: [None, None, None], rotation: n
[4]-[2026-05-31 12:57:04.432Z move_parse.rs:2406] evaluate_multi_leg_expression with expression: [[1357]K, -{1..*}] with rotation: n 
[5]-[2026-05-31 12:57:04.432Z move_parse.rs:2224] evaluate_multi_leg_term_leg with term: [1357]K modifiers: [None, None, None]
[5]-[2026-05-31 12:57:04.432Z move_parse.rs:2663] leg_to_vector leg [1357]K with rotation n
[5]-[2026-05-31 12:57:04.432Z move_parse.rs:2670] leg_to_vector captures: Captures({0: 0..7/"[1357]K", 1: None, 2: 0..7/"[1357]K", 3: None})
[4]-[2026-05-31 12:57:04.432Z move_parse.rs:1762] compound_atomic_to_vector expr [1357]K with rotation n
[4]-[2026-05-31 12:57:04.432Z move_parse.rs:1771] compound_atomic_to_vector tokens: ["[1357]K"]
[4]-[2026-05-31 12:57:04.432Z move_parse.rs:1062] evaluate_atomic_expression with expression: [[1357]K] with rotation: n 
[4]-[2026-05-31 12:57:04.432Z move_parse.rs:1587] chained_atomic_to_vector expr [1357]K with rotation n
[4]-[2026-05-31 12:57:04.432Z move_parse.rs:1309] atomic_to_vector expr [1357]K with rotation n
[4]-[2026-05-31 12:57:04.432Z move_parse.rs:952] process_modifiers with modifiers: (None, None), rotation: n
[4]-[2026-05-31 12:57:04.432Z move_parse.rs:1153] evaluate_atomic_expression [[1357]K] final len: 4
[4]-[2026-05-31 12:57:04.432Z move_parse.rs:2185] process_multi_leg_modifiers with modifiers: [None, None, None] 
[4]-[2026-05-31 12:57:04.433Z move_parse.rs:1956] range token captures: Captures({0: 0..7/"-{1..*}", 1: 2..3/"1", 2: 5..6/"*"})
[5]-[2026-05-31 12:57:04.434Z move_parse.rs:2536] evaluate_multi_leg_expression [[1357]K, -{1..*}] final len: 32 
[4]-[2026-05-31 12:57:04.434Z move_parse.rs:2185] process_multi_leg_modifiers with modifiers: [None, None, None] 
[5]-[2026-05-31 12:57:04.434Z move_parse.rs:2536] evaluate_multi_leg_expression [[[1357]K, -{1..*}]] final len: 32 
[4]-[2026-05-31 12:57:04.435Z move_parse.rs:567] Starting parse_move_string with expression: N
[4]-[2026-05-31 12:57:04.435Z move_parse.rs:573] Normalized expression: N
[4]-[2026-05-31 12:57:04.435Z move_parse.rs:350] Starting atomization of expression: N
[4]-[2026-05-31 12:57:04.435Z move_parse.rs:378] Starting direction expansion of expression: <[2468]Kn[2468]K>
[4]-[2026-05-31 12:57:04.435Z move_parse.rs:442] Starting range expansion of expression: <[2468]Kn[2468]K>
[4]-[2026-05-31 12:57:04.435Z move_parse.rs:499] Starting cardinal expansion of expression: <[2468]Kn[2468]K>
[4]-[2026-05-31 12:57:04.435Z move_parse.rs:2800] generate_move_vectors parsed expression for N: "<[2468]Kn[2468]K>"
[5]-[2026-05-31 12:57:04.435Z move_parse.rs:2704] multi_leg_to_vector leg <[2468]Kn[2468]K> with rotation n
[5]-[2026-05-31 12:57:04.435Z move_parse.rs:2663] leg_to_vector leg <[2468]Kn[2468]K> with rotation n
[5]-[2026-05-31 12:57:04.435Z move_parse.rs:2670] leg_to_vector captures: Captures({0: 0..17/"<[2468]Kn[2468]K>", 1: None, 2: 0..17/"<[2468]Kn[2468]K>", 3: None})
[4]-[2026-05-31 12:57:04.435Z move_parse.rs:1762] compound_atomic_to_vector expr <[2468]Kn[2468]K> with rotation n
[4]-[2026-05-31 12:57:04.435Z move_parse.rs:1771] compound_atomic_to_vector tokens: ["<", "[2468]Kn[2468]K", ">"]
[4]-[2026-05-31 12:57:04.435Z move_parse.rs:1062] evaluate_atomic_expression with expression: [[[2468]Kn[2468]K]] with rotation: n 
[4]-[2026-05-31 12:57:04.435Z move_parse.rs:1062] evaluate_atomic_expression with expression: [[2468]Kn[2468]K] with rotation: n 
[4]-[2026-05-31 12:57:04.435Z move_parse.rs:1587] chained_atomic_to_vector expr [2468]Kn[2468]K with rotation n
[4]-[2026-05-31 12:57:04.435Z move_parse.rs:1309] atomic_to_vector expr [2468]K with rotation n
[4]-[2026-05-31 12:57:04.435Z move_parse.rs:1309] atomic_to_vector expr n[2468]K with rotation ne
[4]-[2026-05-31 12:57:04.435Z move_parse.rs:1309] atomic_to_vector expr n[2468]K with rotation se
[4]-[2026-05-31 12:57:04.435Z move_parse.rs:1309] atomic_to_vector expr n[2468]K with rotation sw
[4]-[2026-05-31 12:57:04.435Z move_parse.rs:1309] atomic_to_vector expr n[2468]K with rotation nw
[4]-[2026-05-31 12:57:04.435Z move_parse.rs:952] process_modifiers with modifiers: (None, None), rotation: n
[4]-[2026-05-31 12:57:04.435Z move_parse.rs:1153] evaluate_atomic_expression [[2468]Kn[2468]K] final len: 8
[4]-[2026-05-31 12:57:04.435Z move_parse.rs:952] process_modifiers with modifiers: (None, None), rotation: n
[4]-[2026-05-31 12:57:04.435Z move_parse.rs:1153] evaluate_atomic_expression [[[2468]Kn[2468]K]] final len: 8
[4]-[2026-05-31 12:57:04.435Z move_parse.rs:567] Starting parse_move_string with expression: B
[4]-[2026-05-31 12:57:04.435Z move_parse.rs:573] Normalized expression: B
[4]-[2026-05-31 12:57:04.435Z move_parse.rs:350] Starting atomization of expression: B
[4]-[2026-05-31 12:57:04.435Z move_parse.rs:378] Starting direction expansion of expression: <[2468]K-*>
[4]-[2026-05-31 12:57:04.435Z move_parse.rs:442] Starting range expansion of expression: <[2468]K-*>
[4]-[2026-05-31 12:57:04.435Z move_parse.rs:499] Starting cardinal expansion of expression: <[2468]K-{1..*}>
[4]-[2026-05-31 12:57:04.435Z move_parse.rs:2800] generate_move_vectors parsed expression for B: "<[2468]K-{1..*}>"
[5]-[2026-05-31 12:57:04.435Z move_parse.rs:2704] multi_leg_to_vector leg <[2468]K-{1..*}> with rotation n
[5]-[2026-05-31 12:57:04.435Z move_parse.rs:2574] tokenize_multi_leg_expression raw tokens: ["<", "[2468]K", "-{1..*}", ">"]
[5]-[2026-05-31 12:57:04.435Z move_parse.rs:2614] tokenize_multi_leg_expression first pass ["<", "[2468]K", "-{1..*}", ">"]
[5]-[2026-05-31 12:57:04.435Z move_parse.rs:2716] multi_leg_to_vector final tokens: ["<", "[2468]K", "-{1..*}", ">"]
[5]-[2026-05-31 12:57:04.435Z move_parse.rs:2775] multi_leg_to_vector parsed stack: [[[2468]K, -{1..*}]]
[4]-[2026-05-31 12:57:04.435Z move_parse.rs:2406] evaluate_multi_leg_expression with expression: [[[2468]K, -{1..*}]] with rotation: n 
[5]-[2026-05-31 12:57:04.435Z move_parse.rs:2304] evaluate_multi_leg_subexpr with expr: [[2468]K, -{1..*}] modifiers: [None, None, None], rotation: n
[4]-[2026-05-31 12:57:04.435Z move_parse.rs:2406] evaluate_multi_leg_expression with expression: [[2468]K, -{1..*}] with rotation: n 
[5]-[2026-05-31 12:57:04.435Z move_parse.rs:2224] evaluate_multi_leg_term_leg with term: [2468]K modifiers: [None, None, None]
[5]-[2026-05-31 12:57:04.435Z move_parse.rs:2663] leg_to_vector leg [2468]K with rotation n
[5]-[2026-05-31 12:57:04.435Z move_parse.rs:2670] leg_to_vector captures: Captures({0: 0..7/"[2468]K", 1: None, 2: 0..7/"[2468]K", 3: None})
[4]-[2026-05-31 12:57:04.435Z move_parse.rs:1762] compound_atomic_to_vector expr [2468]K with rotation n
[4]-[2026-05-31 12:57:04.435Z move_parse.rs:1771] compound_atomic_to_vector tokens: ["[2468]K"]
[4]-[2026-05-31 12:57:04.435Z move_parse.rs:1062] evaluate_atomic_expression with expression: [[2468]K] with rotation: n 
[4]-[2026-05-31 12:57:04.435Z move_parse.rs:1587] chained_atomic_to_vector expr [2468]K with rotation n
[4]-[2026-05-31 12:57:04.435Z move_parse.rs:1309] atomic_to_vector expr [2468]K with rotation n
[4]-[2026-05-31 12:57:04.435Z move_parse.rs:952] process_modifiers with modifiers: (None, None), rotation: n
[4]-[2026-05-31 12:57:04.435Z move_parse.rs:1153] evaluate_atomic_expression [[2468]K] final len: 4
[4]-[2026-05-31 12:57:04.435Z move_parse.rs:2185] process_multi_leg_modifiers with modifiers: [None, None, None] 
[4]-[2026-05-31 12:57:04.435Z move_parse.rs:1956] range token captures: Captures({0: 0..7/"-{1..*}", 1: 2..3/"1", 2: 5..6/"*"})
[5]-[2026-05-31 12:57:04.437Z move_parse.rs:2536] evaluate_multi_leg_expression [[2468]K, -{1..*}] final len: 32 
[4]-[2026-05-31 12:57:04.437Z move_parse.rs:2185] process_multi_leg_modifiers with modifiers: [None, None, None] 
[5]-[2026-05-31 12:57:04.437Z move_parse.rs:2536] evaluate_multi_leg_expression [[[2468]K, -{1..*}]] final len: 32 
[4]-[2026-05-31 12:57:04.437Z move_parse.rs:567] Starting parse_move_string with expression: Q
[4]-[2026-05-31 12:57:04.437Z move_parse.rs:573] Normalized expression: Q
[4]-[2026-05-31 12:57:04.437Z move_parse.rs:350] Starting atomization of expression: Q
[4]-[2026-05-31 12:57:04.437Z move_parse.rs:378] Starting direction expansion of expression: <K-*>
[4]-[2026-05-31 12:57:04.437Z move_parse.rs:442] Starting range expansion of expression: <K-*>
[4]-[2026-05-31 12:57:04.437Z move_parse.rs:499] Starting cardinal expansion of expression: <K-{1..*}>
[4]-[2026-05-31 12:57:04.437Z move_parse.rs:2800] generate_move_vectors parsed expression for Q: "<K-{1..*}>"
[5]-[2026-05-31 12:57:04.437Z move_parse.rs:2704] multi_leg_to_vector leg <K-{1..*}> with rotation n
[5]-[2026-05-31 12:57:04.437Z move_parse.rs:2574] tokenize_multi_leg_expression raw tokens: ["<", "K", "-{1..*}", ">"]
[5]-[2026-05-31 12:57:04.437Z move_parse.rs:2614] tokenize_multi_leg_expression first pass ["<", "K", "-{1..*}", ">"]
[5]-[2026-05-31 12:57:04.437Z move_parse.rs:2716] multi_leg_to_vector final tokens: ["<", "K", "-{1..*}", ">"]
[5]-[2026-05-31 12:57:04.437Z move_parse.rs:2775] multi_leg_to_vector parsed stack: [[K, -{1..*}]]
[4]-[2026-05-31 12:57:04.437Z move_parse.rs:2406] evaluate_multi_leg_expression with expression: [[K, -{1..*}]] with rotation: n 
[5]-[2026-05-31 12:57:04.437Z move_parse.rs:2304] evaluate_multi_leg_subexpr with expr: [K, -{1..*}] modifiers: [None, None, None], rotation: n
[4]-[2026-05-31 12:57:04.438Z move_parse.rs:2406] evaluate_multi_leg_expression with expression: [K, -{1..*}] with rotation: n 
[5]-[2026-05-31 12:57:04.438Z move_parse.rs:2224] evaluate_multi_leg_term_leg with term: K modifiers: [None, None, None]
[5]-[2026-05-31 12:57:04.438Z move_parse.rs:2663] leg_to_vector leg K with rotation n
[5]-[2026-05-31 12:57:04.438Z move_parse.rs:2670] leg_to_vector captures: Captures({0: 0..1/"K", 1: None, 2: 0..1/"K", 3: None})
[4]-[2026-05-31 12:57:04.438Z move_parse.rs:1762] compound_atomic_to_vector expr K with rotation n
[4]-[2026-05-31 12:57:04.438Z move_parse.rs:1771] compound_atomic_to_vector tokens: ["K"]
[4]-[2026-05-31 12:57:04.438Z move_parse.rs:1062] evaluate_atomic_expression with expression: [K] with rotation: n 
[4]-[2026-05-31 12:57:04.438Z move_parse.rs:1587] chained_atomic_to_vector expr K with rotation n
[4]-[2026-05-31 12:57:04.438Z move_parse.rs:1309] atomic_to_vector expr K with rotation n
[4]-[2026-05-31 12:57:04.438Z move_parse.rs:952] process_modifiers with modifiers: (None, None), rotation: n
[4]-[2026-05-31 12:57:04.438Z move_parse.rs:1153] evaluate_atomic_expression [K] final len: 8
[4]-[2026-05-31 12:57:04.438Z move_parse.rs:2185] process_multi_leg_modifiers with modifiers: [None, None, None] 
[4]-[2026-05-31 12:57:04.438Z move_parse.rs:1956] range token captures: Captures({0: 0..7/"-{1..*}", 1: 2..3/"1", 2: 5..6/"*"})
[5]-[2026-05-31 12:57:04.441Z move_parse.rs:2536] evaluate_multi_leg_expression [K, -{1..*}] final len: 64 
[4]-[2026-05-31 12:57:04.442Z move_parse.rs:2185] process_multi_leg_modifiers with modifiers: [None, None, None] 
[5]-[2026-05-31 12:57:04.442Z move_parse.rs:2536] evaluate_multi_leg_expression [[K, -{1..*}]] final len: 64 
[4]-[2026-05-31 12:57:04.442Z move_parse.rs:567] Starting parse_move_string with expression: K
[4]-[2026-05-31 12:57:04.442Z move_parse.rs:573] Normalized expression: K
[4]-[2026-05-31 12:57:04.442Z move_parse.rs:350] Starting atomization of expression: K
[4]-[2026-05-31 12:57:04.442Z move_parse.rs:378] Starting direction expansion of expression: K
[4]-[2026-05-31 12:57:04.442Z move_parse.rs:442] Starting range expansion of expression: K
[4]-[2026-05-31 12:57:04.442Z move_parse.rs:499] Starting cardinal expansion of expression: K
[4]-[2026-05-31 12:57:04.442Z move_parse.rs:2800] generate_move_vectors parsed expression for K: "K"
[5]-[2026-05-31 12:57:04.442Z move_parse.rs:2704] multi_leg_to_vector leg K with rotation n
[5]-[2026-05-31 12:57:04.442Z move_parse.rs:2663] leg_to_vector leg K with rotation n
[5]-[2026-05-31 12:57:04.442Z move_parse.rs:2670] leg_to_vector captures: Captures({0: 0..1/"K", 1: None, 2: 0..1/"K", 3: None})
[4]-[2026-05-31 12:57:04.442Z move_parse.rs:1762] compound_atomic_to_vector expr K with rotation n
[4]-[2026-05-31 12:57:04.442Z move_parse.rs:1771] compound_atomic_to_vector tokens: ["K"]
[4]-[2026-05-31 12:57:04.442Z move_parse.rs:1062] evaluate_atomic_expression with expression: [K] with rotation: n 
[4]-[2026-05-31 12:57:04.442Z move_parse.rs:1587] chained_atomic_to_vector expr K with rotation n
[4]-[2026-05-31 12:57:04.442Z move_parse.rs:1309] atomic_to_vector expr K with rotation n
[4]-[2026-05-31 12:57:04.442Z move_parse.rs:952] process_modifiers with modifiers: (None, None), rotation: n
[4]-[2026-05-31 12:57:04.442Z move_parse.rs:1153] evaluate_atomic_expression [K] final len: 8
[3]-[2026-05-31 12:57:04.891Z game_io.rs:1811] Loading embedded default parameters
[2]-[2026-05-31 12:57:22.873Z console.rs:2542] Loaded FEN
[3]-[2026-05-31 12:57:32.416Z util.rs:462] Perft testing 6752 positions with depth 6 and branching -1...
[5]-[2026-05-31 12:57:32.421Z util.rs:507] 0000. FEN: 5R2/1k2n3/3P1N2/1p2K3/1p1R3P/1P6/6q1/7r b - *                            | Depth: 1 | Expected:           40 | Result:           40 | Time:     3.418 ms [PASSED]
[5]-[2026-05-31 12:57:32.517Z util.rs:507] 0000. FEN: 5R2/1k2n3/3P1N2/1p2K3/1p1R3P/1P6/6q1/7r b - *                            | Depth: 2 | Expected:          932 | Result:          932 | Time:    95.047 ms [PASSED]
[5]-[2026-05-31 12:57:35.407Z util.rs:507] 0000. FEN: 5R2/1k2n3/3P1N2/1p2K3/1p1R3P/1P6/6q1/7r b - *                            | Depth: 3 | Expected:        33579 | Result:        33579 | Time:     2.891  s [PASSED]
